
============================================================
邮件分析评分详情 - 2026-03-15 20:10:26
============================================================
邮件头评分: 0.0000
URL评分: 0.0000
文本评分: 0.4300
附件评分: 0.0000
HTML评分: 0.0000
------------------------------------------------------------
权重累加总分: 0.0860
最终判定: SUSPICIOUS (置信度: 0.6500)
============================================================

============================================================
邮件分析评分详情 - 2026-03-15 20:10:53
============================================================
邮件头评分: 0.0000
URL评分: 0.0000
文本评分: 0.4134
附件评分: 0.0000
HTML评分: 0.0000
------------------------------------------------------------
权重累加总分: 0.0827
最终判定: SUSPICIOUS (置信度: 0.4252)
============================================================

============================================================
邮件分析评分详情 - 2026-03-15 20:13:31
============================================================
邮件头评分: 0.0000
URL评分: 0.0000
文本评分: 0.2167
附件评分: 0.0000
HTML评分: 0.0000
------------------------------------------------------------
权重累加总分: 0.0433
最终判定: SUSPICIOUS (置信度: 0.5123)
============================================================

============================================================
邮件分析评分详情 - 2026-03-15 20:24:16
============================================================
邮件头评分: 0.0000
URL评分: 0.0000
文本评分: 0.4300
附件评分: 0.0000
HTML评分: 0.0000
------------------------------------------------------------
权重累加总分: 0.0860
最终判定: SUSPICIOUS (置信度: 0.6500)
============================================================

============================================================
邮件分析评分详情 - 2026-03-15 20:29:16
============================================================
邮件头评分: 0.0000
URL评分: 0.0000
文本评分: 0.4134
附件评分: 0.0000
HTML评分: 0.0000
------------------------------------------------------------
权重累加总分: 0.0827
最终判定: SUSPICIOUS (置信度: 0.4252)
============================================================

============================================================
邮件分析评分详情 - 2026-03-15 20:30:08
============================================================
邮件头评分: 0.0000
URL评分: 0.0000
文本评分: 0.2167
附件评分: 0.0000
HTML评分: 0.0000
------------------------------------------------------------
权重累加总分: 0.0433
最终判定: SUSPICIOUS (置信度: 0.5123)
============================================================

============================================================
邮件分析评分详情 - 2026-03-15 20:46:45
============================================================
邮件头评分: 0.0000
URL评分: 0.0000
文本评分: 0.4300
附件评分: 0.0000
HTML评分: 0.0000
------------------------------------------------------------
权重累加总分: 0.0860
最终判定: SUSPICIOUS (置信度: 0.6500)
============================================================

============================================================
邮件分析评分详情 - 2026-03-15 20:47:22
============================================================
邮件头评分: 0.0000
URL评分: 0.0000
文本评分: 0.2033
附件评分: 0.0000
HTML评分: 0.0000
------------------------------------------------------------
权重累加总分: 0.0407
最终判定: SUSPICIOUS (置信度: 0.4791)
============================================================

============================================================
邮件分析评分详情 - 2026-03-15 20:49:24
============================================================
邮件头评分: 0.0000
URL评分: 0.0000
文本评分: 0.4134
附件评分: 0.0000
HTML评分: 0.0000
------------------------------------------------------------
权重累加总分: 0.0827
最终判定: SUSPICIOUS (置信度: 0.4252)
============================================================

============================================================
邮件分析评分详情 - 2026-03-15 20:50:04
============================================================
邮件头评分: 0.0000
URL评分: 0.0000
文本评分: 0.2167
附件评分: 0.0000
HTML评分: 0.0000
------------------------------------------------------------
权重累加总分: 0.0433
最终判定: SUSPICIOUS (置信度: 0.5123)
============================================================

============================================================
邮件分析评分详情 - 2026-03-15 20:54:05
============================================================
邮件头评分: 0.0000
URL评分: 0.0000
文本评分: 0.0000
附件评分: 0.0000
HTML评分: 0.0000
------------------------------------------------------------
权重累加总分: 0.0000
最终判定: SUSPICIOUS (置信度: 0.4898)
============================================================
