
============================================================
邮件分析评分详情 - 2026-03-16 18:50:14
============================================================
邮件头评分: 0.0000
URL评分: 0.0000
文本评分: 0.0000
附件评分: 0.0000
HTML评分: 0.0000
------------------------------------------------------------
权重累加总分: 0.0000
最终判定: SUSPICIOUS (置信度: 0.4898)
============================================================

============================================================
邮件分析评分详情 - 2026-03-16 19:20:40
============================================================
邮件头评分: 0.0000
URL评分: 0.0000
文本评分: 0.2060
附件评分: 0.0000
HTML评分: 0.0000
------------------------------------------------------------
权重累加总分: 0.0412
最终判定: SUSPICIOUS (置信度: 0.4804)
============================================================

============================================================
邮件分析评分详情 - 2026-03-16 19:24:38
============================================================
邮件头评分: 0.0000
URL评分: 0.0000
文本评分: 0.2060
附件评分: 0.0000
HTML评分: 0.0000
------------------------------------------------------------
权重累加总分: 0.0412
最终判定: SUSPICIOUS (置信度: 0.4804)
============================================================

============================================================
邮件分析评分详情 - 2026-03-16 20:01:49
============================================================
邮件头评分: 0.0000
URL评分: 0.0000
文本评分: 0.2167
附件评分: 0.0000
HTML评分: 0.0000
------------------------------------------------------------
权重累加总分: 0.0433
最终判定: SUSPICIOUS (置信度: 0.5123)
============================================================

============================================================
邮件分析评分详情 - 2026-03-16 20:10:34
============================================================
邮件头评分: 0.0000
URL评分: 0.0000
文本评分: 0.2100
附件评分: 0.0000
HTML评分: 0.0000
------------------------------------------------------------
权重累加总分: 0.0420
最终判定: SUSPICIOUS (置信度: 0.6500)
============================================================

============================================================
邮件分析评分详情 - 2026-03-16 20:10:46
============================================================
邮件头评分: 0.0000
URL评分: 0.0000
文本评分: 0.2100
附件评分: 0.0000
HTML评分: 0.0000
------------------------------------------------------------
权重累加总分: 0.0420
最终判定: SUSPICIOUS (置信度: 0.6500)
============================================================

============================================================
邮件分析评分详情 - 2026-03-16 20:11:25
============================================================
邮件头评分: 0.0000
URL评分: 0.0000
文本评分: 0.2100
附件评分: 0.0000
HTML评分: 0.0000
------------------------------------------------------------
权重累加总分: 0.0420
最终判定: SUSPICIOUS (置信度: 0.6500)
============================================================

============================================================
邮件分析评分详情 - 2026-03-16 20:11:48
============================================================
邮件头评分: 0.0000
URL评分: 0.0000
文本评分: 0.6307
附件评分: 0.0000
HTML评分: 0.0000
------------------------------------------------------------
权重累加总分: 0.1261
最终判定: SUSPICIOUS (置信度: 0.6500)
============================================================

============================================================
邮件分析评分详情 - 2026-03-16 20:12:04
============================================================
邮件头评分: 0.0000
URL评分: 0.0000
文本评分: 0.2048
附件评分: 0.0000
HTML评分: 0.0000
------------------------------------------------------------
权重累加总分: 0.0410
最终判定: SUSPICIOUS (置信度: 0.4798)
============================================================

============================================================
邮件分析评分详情 - 2026-03-16 20:14:46
============================================================
邮件头评分: 0.0000
URL评分: 0.0000
文本评分: 0.2100
附件评分: 0.0000
HTML评分: 0.0000
------------------------------------------------------------
权重累加总分: 0.0420
最终判定: SUSPICIOUS (置信度: 0.6500)
============================================================

============================================================
邮件分析评分详情 - 2026-03-16 20:15:40
============================================================
邮件头评分: 0.0000
URL评分: 0.0000
文本评分: 0.2100
附件评分: 0.0000
HTML评分: 0.0000
------------------------------------------------------------
权重累加总分: 0.0420
最终判定: SUSPICIOUS (置信度: 0.6500)
============================================================

============================================================
邮件分析评分详情 - 2026-03-16 20:17:12
============================================================
邮件头评分: 0.2000
URL评分: 0.0000
文本评分: 0.2100
附件评分: 0.0000
HTML评分: 0.0000
------------------------------------------------------------
权重累加总分: 0.0920
最终判定: SUSPICIOUS (置信度: 0.6500)
============================================================

============================================================
邮件分析评分详情 - 2026-03-16 20:20:45
============================================================
邮件头评分: 0.2000
URL评分: 0.1670
文本评分: 0.4107
附件评分: 0.0000
HTML评分: 0.0000
------------------------------------------------------------
权重累加总分: 0.1822
最终判定: SUSPICIOUS (置信度: 0.6500)
============================================================

============================================================
邮件分析评分详情 - 2026-03-16 20:21:25
============================================================
邮件头评分: 0.2000
URL评分: 0.0000
文本评分: 0.6283
附件评分: 0.0000
HTML评分: 0.0000
------------------------------------------------------------
权重累加总分: 0.1757
最终判定: SUSPICIOUS (置信度: 0.6500)
============================================================

============================================================
邮件分析评分详情 - 2026-03-16 20:22:41
============================================================
邮件头评分: 0.0000
URL评分: 0.0000
文本评分: 0.2034
附件评分: 0.0000
HTML评分: 0.2500
------------------------------------------------------------
权重累加总分: 0.0657
最终判定: SUSPICIOUS (置信度: 0.5046)
============================================================

============================================================
邮件分析评分详情 - 2026-03-16 20:23:36
============================================================
邮件头评分: 0.0000
URL评分: 0.0000
文本评分: 0.2034
附件评分: 0.0000
HTML评分: 0.2500
------------------------------------------------------------
权重累加总分: 0.0657
最终判定: SUSPICIOUS (置信度: 0.5046)
============================================================

============================================================
邮件分析评分详情 - 2026-03-16 20:23:50
============================================================
邮件头评分: 0.2000
URL评分: 0.1670
文本评分: 0.4107
附件评分: 0.0000
HTML评分: 0.0000
------------------------------------------------------------
权重累加总分: 0.1822
最终判定: SUSPICIOUS (置信度: 0.6500)
============================================================

============================================================
邮件分析评分详情 - 2026-03-16 20:25:33
============================================================
邮件头评分: 0.0000
URL评分: 0.0000
文本评分: 0.2021
附件评分: 0.0000
HTML评分: 0.0000
------------------------------------------------------------
权重累加总分: 0.0404
最终判定: SUSPICIOUS (置信度: 0.5351)
============================================================

============================================================
邮件分析评分详情 - 2026-03-16 20:26:20
============================================================
邮件头评分: 0.0000
URL评分: 0.0000
文本评分: 0.2167
附件评分: 0.0000
HTML评分: 0.0000
------------------------------------------------------------
权重累加总分: 0.0433
最终判定: SUSPICIOUS (置信度: 0.5123)
============================================================

============================================================
邮件分析评分详情 - 2026-03-16 20:30:37
============================================================
邮件头评分: 0.0000
URL评分: 0.6680
文本评分: 0.4148
附件评分: 0.0000
HTML评分: 0.0000
------------------------------------------------------------
权重累加总分: 0.2834
最终判定: PHISHING (置信度: 0.8769)
============================================================
2026-03-16 23:06:01,659 - __main__ - INFO - 邮件分析评分详情
2026-03-16 23:06:01,659 - __main__ - INFO - 邮件头评分: 0.0000
2026-03-16 23:06:01,661 - __main__ - INFO - URL评分: 0.0000
2026-03-16 23:06:01,661 - __main__ - INFO - 文本评分: 0.0000
2026-03-16 23:06:01,662 - __main__ - INFO - 附件评分: 0.0000
2026-03-16 23:06:01,667 - __main__ - INFO - HTML评分: 0.0000
2026-03-16 23:06:01,667 - __main__ - INFO - 权重累加总分: 0.0000
2026-03-16 23:06:01,668 - __main__ - INFO - 最终判定: SUSPICIOUS (置信度: 0.4775)
2026-03-16 23:07:14,625 - __main__ - INFO - 邮件分析评分详情
2026-03-16 23:07:14,626 - __main__ - INFO - 邮件头评分: 0.0000
2026-03-16 23:07:14,627 - __main__ - INFO - URL评分: 0.0000
2026-03-16 23:07:14,627 - __main__ - INFO - 文本评分: 0.2167
2026-03-16 23:07:14,627 - __main__ - INFO - 附件评分: 0.0000
2026-03-16 23:07:14,627 - __main__ - INFO - HTML评分: 0.0000
2026-03-16 23:07:14,627 - __main__ - INFO - 权重累加总分: 0.0433
2026-03-16 23:07:14,628 - __main__ - INFO - 最终判定: SUSPICIOUS (置信度: 0.5123)
2026-03-16 23:09:12,608 - __main__ - INFO - 邮件分析评分详情
2026-03-16 23:09:12,609 - __main__ - INFO - 邮件头评分: 0.0000
2026-03-16 23:09:12,610 - __main__ - INFO - URL评分: 0.0000
2026-03-16 23:09:12,610 - __main__ - INFO - 文本评分: 0.2021
2026-03-16 23:09:12,612 - __main__ - INFO - 附件评分: 0.0000
2026-03-16 23:09:12,612 - __main__ - INFO - HTML评分: 0.0000
2026-03-16 23:09:12,613 - __main__ - INFO - 权重累加总分: 0.0404
2026-03-16 23:09:12,613 - __main__ - INFO - 最终判定: SUSPICIOUS (置信度: 0.5351)
2026-03-16 23:10:59,780 - __main__ - INFO - 邮件分析评分详情
2026-03-16 23:10:59,787 - __main__ - INFO - 邮件头评分: 0.0000
2026-03-16 23:10:59,787 - __main__ - INFO - URL评分: 0.0000
2026-03-16 23:10:59,787 - __main__ - INFO - 文本评分: 0.0000
2026-03-16 23:10:59,788 - __main__ - INFO - 附件评分: 0.0000
2026-03-16 23:10:59,788 - __main__ - INFO - HTML评分: 0.0000
2026-03-16 23:10:59,788 - __main__ - INFO - 权重累加总分: 0.0000
2026-03-16 23:10:59,788 - __main__ - INFO - 最终判定: SUSPICIOUS (置信度: 0.4775)
2026-03-16 23:33:51,387 - __main__ - INFO - 邮件分析评分详情
2026-03-16 23:33:51,388 - __main__ - INFO - 邮件头评分: 0.2000
2026-03-16 23:33:51,388 - __main__ - INFO - URL评分: 0.0000
2026-03-16 23:33:51,388 - __main__ - INFO - 文本评分: 0.4300
2026-03-16 23:33:51,389 - __main__ - INFO - 附件评分: 0.0000
2026-03-16 23:33:51,392 - __main__ - INFO - HTML评分: 0.0000
2026-03-16 23:33:51,392 - __main__ - INFO - 权重累加总分: 0.1360
2026-03-16 23:33:51,395 - __main__ - INFO - 最终判定: SUSPICIOUS (置信度: 0.6500)
2026-03-16 23:36:15,093 - __main__ - INFO - 邮件分析评分详情
2026-03-16 23:36:15,093 - __main__ - INFO - 邮件头评分: 0.2000
2026-03-16 23:36:15,094 - __main__ - INFO - URL评分: 0.0000
2026-03-16 23:36:15,094 - __main__ - INFO - 文本评分: 0.4300
2026-03-16 23:36:15,094 - __main__ - INFO - 附件评分: 0.0000
2026-03-16 23:36:15,094 - __main__ - INFO - HTML评分: 0.0000
2026-03-16 23:36:15,094 - __main__ - INFO - 权重累加总分: 0.1360
2026-03-16 23:36:15,094 - __main__ - INFO - 最终判定: SUSPICIOUS (置信度: 0.6500)
2026-03-16 23:39:17,819 - __main__ - INFO - 邮件分析评分详情
2026-03-16 23:39:17,820 - __main__ - INFO - 邮件头评分: 0.0000
2026-03-16 23:39:17,820 - __main__ - INFO - URL评分: 0.3340
2026-03-16 23:39:17,820 - __main__ - INFO - 文本评分: 0.4521
2026-03-16 23:39:17,820 - __main__ - INFO - 附件评分: 0.0000
2026-03-16 23:39:17,820 - __main__ - INFO - HTML评分: 0.0000
2026-03-16 23:39:17,820 - __main__ - INFO - 权重累加总分: 0.1906
2026-03-16 23:39:17,820 - __main__ - INFO - 最终判定: PHISHING (置信度: 0.9943)
2026-03-16 23:41:20,615 - __main__ - INFO - 邮件分析评分详情
2026-03-16 23:41:20,616 - __main__ - INFO - 邮件头评分: 0.2000
2026-03-16 23:41:20,616 - __main__ - INFO - URL评分: 0.0000
2026-03-16 23:41:20,617 - __main__ - INFO - 文本评分: 0.4300
2026-03-16 23:41:20,617 - __main__ - INFO - 附件评分: 0.0000
2026-03-16 23:41:20,618 - __main__ - INFO - HTML评分: 0.0000
2026-03-16 23:41:20,619 - __main__ - INFO - 权重累加总分: 0.1360
2026-03-16 23:41:20,620 - __main__ - INFO - 最终判定: SUSPICIOUS (置信度: 0.6500)
2026-03-16 23:41:57,917 - __main__ - INFO - 邮件分析评分详情
2026-03-16 23:41:57,917 - __main__ - INFO - 邮件头评分: 0.0000
2026-03-16 23:41:57,917 - __main__ - INFO - URL评分: 0.0000
2026-03-16 23:41:57,918 - __main__ - INFO - 文本评分: 0.2167
2026-03-16 23:41:57,918 - __main__ - INFO - 附件评分: 0.0000
2026-03-16 23:41:57,918 - __main__ - INFO - HTML评分: 0.0000
2026-03-16 23:41:57,920 - __main__ - INFO - 权重累加总分: 0.0433
2026-03-16 23:41:57,920 - __main__ - INFO - 最终判定: SUSPICIOUS (置信度: 0.5123)
